[debug] [2023-03-28T15:32:20.672Z] ----------------------------------------------------------------------
[debug] [2023-03-28T15:32:20.675Z] Command:       C:\Program Files\nodejs\node.exe C:\Users\91939\AppData\Roaming\npm\node_modules\firebase-tools\lib\bin\firebase.js init
[debug] [2023-03-28T15:32:20.676Z] CLI Version:   11.25.1
[debug] [2023-03-28T15:32:20.677Z] Platform:      win32
[debug] [2023-03-28T15:32:20.677Z] Node Version:  v18.13.0
[debug] [2023-03-28T15:32:20.678Z] Time:          Tue Mar 28 2023 21:02:20 GMT+0530 (India Standard Time)
[debug] [2023-03-28T15:32:20.679Z] ----------------------------------------------------------------------
[debug] 
[debug] [2023-03-28T15:32:20.690Z] > command requires scopes: ["email","openid","https://www.googleapis.com/auth/cloudplatformprojects.readonly","https://www.googleapis.com/auth/firebase","https://www.googleapis.com/auth/cloud-platform"]
[debug] [2023-03-28T15:32:20.690Z] > authorizing via signed-in user (saismart2003@gmail.com)
[info] 
     ######## #### ########  ######## ########     ###     ######  ########
     ##        ##  ##     ## ##       ##     ##  ##   ##  ##       ##
     ######    ##  ########  ######   ########  #########  ######  ######
     ##        ##  ##    ##  ##       ##     ## ##     ##       ## ##
     ##       #### ##     ## ######## ########  ##     ##  ######  ########

You're about to initialize a Firebase project in this directory:

  D:\Firebase projects\episode1

[info] 
=== Project Setup
[info] 
[info] First, let's associate this project directory with a Firebase project.
[info] You can create multiple project aliases by running firebase use --add, 
[info] but for now we'll just set up a default project.
[info] 
[debug] [2023-03-28T15:33:44.503Z] >>> [apiv2][query] GET https://firebase.googleapis.com/v1beta1/projects pageSize=100
[debug] [2023-03-28T15:33:45.462Z] <<< [apiv2][status] GET https://firebase.googleapis.com/v1beta1/projects 200
[debug] [2023-03-28T15:33:45.462Z] <<< [apiv2][body] GET https://firebase.googleapis.com/v1beta1/projects [omitted]
[info] i  Using project react-course-f738f (react-course) 
[info] 
=== Hosting Setup
[info] 
[info] Your public directory is the folder (relative to your project directory) that
[info] will contain Hosting assets to be uploaded with firebase deploy. If you
[info] have a build process for your assets, use your build's output directory.
[info] 
[info] +  Wrote public/404.html 
[debug] [2023-03-28T15:37:12.868Z] >>> [apiv2][query] GET https://www.gstatic.com/firebasejs/releases.json [none]
[debug] [2023-03-28T15:37:13.107Z] <<< [apiv2][status] GET https://www.gstatic.com/firebasejs/releases.json 200
[debug] [2023-03-28T15:37:13.107Z] <<< [apiv2][body] GET https://www.gstatic.com/firebasejs/releases.json {"current":{"version":"9.18.0","browserURL":"https://www.gstatic.com/firebasejs/9.18.0/firebase.js","packageURL":"https://www.gstatic.com/firebasejs/9.18.0/firebase.tgz"},"live":{"version":"9.18","browserURL":"https://www.gstatic.com/firebasejs/live/9.18/firebase.js","packageURL":"https://www.gstatic.com/firebasejs/live/9.18/firebase.tgz"},"components":{"analytics":"https://www.gstatic.com/firebasejs/9.18.0/firebase-analytics.js","app":"https://www.gstatic.com/firebasejs/9.18.0/firebase-app.js","app-check":"https://www.gstatic.com/firebasejs/9.18.0/firebase-app-check.js","auth":"https://www.gstatic.com/firebasejs/9.18.0/firebase-auth.js","auth/cordova":"https://www.gstatic.com/firebasejs/9.18.0/firebase-auth/cordova.js","auth/react-native":"https://www.gstatic.com/firebasejs/9.18.0/firebase-auth/react-native.js","functions":"https://www.gstatic.com/firebasejs/9.18.0/firebase-functions.js","firestore":"https://www.gstatic.com/firebasejs/9.18.0/firebase-firestore.js","firestore/lite":"https://www.gstatic.com/firebasejs/9.18.0/firebase-firestore/lite.js","installations":"https://www.gstatic.com/firebasejs/9.18.0/firebase-installations.js","storage":"https://www.gstatic.com/firebasejs/9.18.0/firebase-storage.js","performance":"https://www.gstatic.com/firebasejs/9.18.0/firebase-performance.js","remote-config":"https://www.gstatic.com/firebasejs/9.18.0/firebase-remote-config.js","messaging":"https://www.gstatic.com/firebasejs/9.18.0/firebase-messaging.js","messaging/sw":"https://www.gstatic.com/firebasejs/9.18.0/firebase-messaging/sw.js","database":"https://www.gstatic.com/firebasejs/9.18.0/firebase-database.js","firestore.memory":"https://www.gstatic.com/firebasejs/9.18.0/firebase-firestore.memory.js"}}
[info] i  Skipping write of public/index.html 
[info] 
[info] i  Didn't detect a .git folder. Assuming D:\Firebase projects\episode1 is the project root. 
[info] i  Authorizing with GitHub to upload your service account to a GitHub repository's secrets store. 
[info] 
[info] Visit this URL on this device to log in:
[info] https://github.com/login/oauth/authorize?client_id=89cf50f02ac6aaed3484&state=1018233248&redirect_uri=http%3A%2F%2Flocalhost%3A9005&scope=read%3Auser%20repo%20public_repo
[info] 
[info] Waiting for authentication...
[debug] [2023-03-28T15:39:01.951Z] >>> [apiv2][query] POST https://github.com/login/oauth/access_token [none]
[debug] [2023-03-28T15:39:01.952Z] >>> [apiv2][body] POST https://github.com/login/oauth/access_token [stream]
[debug] [2023-03-28T15:39:02.743Z] <<< [apiv2][status] POST https://github.com/login/oauth/access_token 200
[debug] [2023-03-28T15:39:02.743Z] <<< [apiv2][body] POST https://github.com/login/oauth/access_token {"access_token":"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","token_type":"bearer","scope":"read:user,repo"}
[debug] [2023-03-28T15:39:02.752Z] >>> [apiv2][query] GET https://api.github.com/user [none]
[debug] [2023-03-28T15:39:03.542Z] <<< [apiv2][status] GET https://api.github.com/user 200
[debug] [2023-03-28T15:39:03.542Z] <<< [apiv2][body] GET https://api.github.com/user {"login":"saismart2003","id":89634205,"node_id":"MDQ6VXNlcjg5NjM0MjA1","avatar_url":"https://avatars.githubusercontent.com/u/89634205?v=4","gravatar_id":"","url":"https://api.github.com/users/saismart2003","html_url":"https://github.com/saismart2003","followers_url":"https://api.github.com/users/saismart2003/followers","following_url":"https://api.github.com/users/saismart2003/following{/other_user}","gists_url":"https://api.github.com/users/saismart2003/gists{/gist_id}","starred_url":"https://api.github.com/users/saismart2003/starred{/owner}{/repo}","subscriptions_url":"https://api.github.com/users/saismart2003/subscriptions","organizations_url":"https://api.github.com/users/saismart2003/orgs","repos_url":"https://api.github.com/users/saismart2003/repos","events_url":"https://api.github.com/users/saismart2003/events{/privacy}","received_events_url":"https://api.github.com/users/saismart2003/received_events","type":"User","site_admin":false,"name":null,"company":null,"blog":"","location":null,"email":null,"hireable":null,"bio":null,"twitter_username":null,"public_repos":2,"public_gists":0,"followers":0,"following":0,"created_at":"2021-08-27T08:35:35Z","updated_at":"2023-03-28T15:38:49Z","private_gists":0,"total_private_repos":0,"owned_private_repos":0,"disk_usage":416,"collaborators":0,"two_factor_authentication":false,"plan":{"name":"free","space":976562499,"collaborators":0,"private_repos":10000}}
[info] 
[info] +  Success! Logged into GitHub as saismart2003 
[info] 
